<?xml version="1.0" encoding="UTF-8"?>
<!-- Generated by org.testng.reporters.JUnitReportReporter -->
<testsuite skipped="0" hostname="MSI" name="com.demo.FlipkartTestEdge" tests="7" failures="0" timestamp="2022-10-11T13:04:54 IST" time="31.603" errors="0">
  <testcase name="closeLogin" time="1.729" classname="com.demo.FlipkartTestEdge"/>
  <system-out/>
  <testcase name="scroll" time="6.690" classname="com.demo.FlipkartTestEdge"/>
  <system-out/>
  <testcase name="searchProduct" time="5.671" classname="com.demo.FlipkartTestEdge"/>
  <system-out/>
  <testcase name="loadImage" time="6.815" classname="com.demo.FlipkartTestEdge"/>
  <system-out/>
  <testcase name="scrollFrequency" time="2.438" classname="com.demo.FlipkartTestEdge"/>
  <system-out/>
  <testcase name="downloadImages" time="0.294" classname="com.demo.FlipkartTestEdge"/>
  <system-out/>
  <testcase name="screenResolution" time="7.966" classname="com.demo.FlipkartTestEdge"/>
  <system-out/>
</testsuite> <!-- com.demo.FlipkartTestEdge -->
