<?xml version="1.0" encoding="UTF-8"?>
<!-- Generated by org.testng.reporters.JUnitReportReporter -->
<testsuite skipped="0" hostname="MSI" name="com.demo.FlipkartTestChrome" tests="7" failures="0" timestamp="2022-10-11T13:19:13 IST" time="35.560" errors="0">
  <testcase name="closeLogin" time="1.942" classname="com.demo.FlipkartTestChrome"/>
  <system-out/>
  <testcase name="scroll" time="6.903" classname="com.demo.FlipkartTestChrome"/>
  <system-out/>
  <testcase name="searchProduct" time="5.825" classname="com.demo.FlipkartTestChrome"/>
  <system-out/>
  <testcase name="loadImage" time="10.254" classname="com.demo.FlipkartTestChrome"/>
  <system-out/>
  <testcase name="scrollFrequency" time="2.462" classname="com.demo.FlipkartTestChrome"/>
  <system-out/>
  <testcase name="downloadImages" time="0.284" classname="com.demo.FlipkartTestChrome"/>
  <system-out/>
  <testcase name="screenResolution" time="7.890" classname="com.demo.FlipkartTestChrome"/>
  <system-out/>
</testsuite> <!-- com.demo.FlipkartTestChrome -->
